[debug] [2021-05-26T00:50:23.270Z] ----------------------------------------------------------------------
[debug] [2021-05-26T00:50:23.272Z] Command:       /usr/local/bin/node /usr/local/bin/firebase emulators:start --only functions
[debug] [2021-05-26T00:50:23.272Z] CLI Version:   9.11.0
[debug] [2021-05-26T00:50:23.272Z] Platform:      darwin
[debug] [2021-05-26T00:50:23.272Z] Node Version:  v14.15.5
[debug] [2021-05-26T00:50:23.274Z] Time:          Tue May 25 2021 17:50:23 GMT-0700 (Pacific Daylight Time)
[debug] [2021-05-26T00:50:23.274Z] ----------------------------------------------------------------------
[debug] 
[debug] [2021-05-26T00:50:23.280Z] > command requires scopes: ["email","openid","https://www.googleapis.com/auth/cloudplatformprojects.readonly","https://www.googleapis.com/auth/firebase","https://www.googleapis.com/auth/cloud-platform"]
[debug] [2021-05-26T00:50:23.281Z] > authorizing via signed-in user (ana.tulea14@gmail.com)
[info] i  emulators: Starting emulators: functions {"metadata":{"emulator":{"name":"hub"},"message":"Starting emulators: functions"}}
[debug] [2021-05-26T00:50:23.297Z] [hub] writing locator at /var/folders/28/wk32djq90tl4dwv149fmsg5c0000gn/T/hub-mealstogo-22cfe.json
[warn] ⚠  functions: The following emulators are not running, calls to these services from the Functions emulator will affect production: auth, firestore, database, hosting, pubsub, storage {"metadata":{"emulator":{"name":"functions"},"message":"The following emulators are not running, calls to these services from the Functions emulator will affect production: \u001b[1mauth, firestore, database, hosting, pubsub, storage\u001b[22m"}}
[info] ✔  functions: Using node@14 from host. {"metadata":{"emulator":{"name":"functions"},"message":"Using node@14 from host."}}
[debug] [2021-05-26T00:50:23.314Z] defaultcredentials: writing to file /Users/anatulea/.config/firebase/ana_tulea14_gmail.com_application_default_credentials.json
[debug] [2021-05-26T00:50:23.327Z] Setting GAC to /Users/anatulea/.config/firebase/ana_tulea14_gmail.com_application_default_credentials.json {"metadata":{"emulator":{"name":"functions"},"message":"Setting GAC to /Users/anatulea/.config/firebase/ana_tulea14_gmail.com_application_default_credentials.json"}}
[debug] [2021-05-26T00:50:23.328Z] > refreshing access token with scopes: []
[debug] [2021-05-26T00:50:23.329Z] >>> HTTP REQUEST POST https://www.googleapis.com/oauth2/v3/token  
 <request body omitted>
[debug] [2021-05-26T00:50:23.503Z] <<< HTTP RESPONSE 200 {"date":"Wed, 26 May 2021 00:50:23 GMT","expires":"Mon, 01 Jan 1990 00:00:00 GMT","cache-control":"no-cache, no-store, max-age=0, must-revalidate","pragma":"no-cache","content-type":"application/json; charset=utf-8","vary":"X-Origin, Referer, Origin,Accept-Encoding","server":"scaffolding on HTTPServer2","x-xss-protection":"0","x-frame-options":"SAMEORIGIN","x-content-type-options":"nosniff","alt-svc":"h3-29=\":443\"; ma=2592000,h3-T051=\":443\"; ma=2592000,h3-Q050=\":443\"; ma=2592000,h3-Q046=\":443\"; ma=2592000,h3-Q043=\":443\"; ma=2592000,quic=\":443\"; ma=2592000; v=\"46,43\"","accept-ranges":"none","transfer-encoding":"chunked"}
[debug] [2021-05-26T00:50:23.532Z] >>> [apiv2][query] GET https://firebase.googleapis.com/v1beta1/projects/mealstogo-22cfe/adminSdkConfig [none]
[debug] [2021-05-26T00:50:23.802Z] <<< [apiv2][status] GET https://firebase.googleapis.com/v1beta1/projects/mealstogo-22cfe/adminSdkConfig 200
[debug] [2021-05-26T00:50:23.802Z] <<< [apiv2][body] GET https://firebase.googleapis.com/v1beta1/projects/mealstogo-22cfe/adminSdkConfig {"projectId":"mealstogo-22cfe","storageBucket":"mealstogo-22cfe.appspot.com"}
[warn] ⚠  ui: Emulator UI unable to start on port 4000, starting on 4002 instead. {"metadata":{"emulator":{"name":"ui"},"message":"Emulator UI unable to start on port 4000, starting on 4002 instead."}}
[debug] [2021-05-26T00:50:24.090Z] Ignoring unsupported arg: auto_download {"metadata":{"emulator":{"name":"ui"},"message":"Ignoring unsupported arg: auto_download"}}
[debug] [2021-05-26T00:50:24.090Z] Ignoring unsupported arg: port {"metadata":{"emulator":{"name":"ui"},"message":"Ignoring unsupported arg: port"}}
[debug] [2021-05-26T00:50:24.090Z] Starting Emulator UI with command {"binary":"node","args":["/Users/anatulea/.cache/firebase/emulators/ui-v1.5.0/server.bundle.js"],"optionalArgs":[],"joinArgs":false} {"metadata":{"emulator":{"name":"ui"},"message":"Starting Emulator UI with command {\"binary\":\"node\",\"args\":[\"/Users/anatulea/.cache/firebase/emulators/ui-v1.5.0/server.bundle.js\"],\"optionalArgs\":[],\"joinArgs\":false}"}}
[info] i  ui: Emulator UI logging to ui-debug.log {"metadata":{"emulator":{"name":"ui"},"message":"Emulator UI logging to \u001b[1mui-debug.log\u001b[22m"}}
[debug] [2021-05-26T00:50:24.188Z] Web / API server started at http://localhost:4002
 {"metadata":{"emulator":{"name":"ui"},"message":"Web / API server started at http://localhost:4002\n"}}
[info] i  functions: Watching "/Users/anatulea/Desktop/React Native/MealsToGo/functions" for Cloud Functions... {"metadata":{"emulator":{"name":"functions"},"message":"Watching \"/Users/anatulea/Desktop/React Native/MealsToGo/functions\" for Cloud Functions..."}}
[debug] [2021-05-26T00:50:24.362Z] [worker-pool] addWorker(~diagnostic~) {"metadata":{"emulator":{"name":"functions"},"message":"[worker-pool] addWorker(~diagnostic~)"}}
[debug] [2021-05-26T00:50:24.363Z] [worker-pool] Adding worker with key ~diagnostic~, total=1 {"metadata":{"emulator":{"name":"functions"},"message":"[worker-pool] Adding worker with key ~diagnostic~, total=1"}}
[debug] [2021-05-26T00:50:24.363Z] [worker-pool] submitWork(triggerId=) {"metadata":{"emulator":{"name":"functions"},"message":"[worker-pool] submitWork(triggerId=)"}}
[debug] [2021-05-26T00:50:24.363Z] [worker-~diagnostic~-4d6519a1-bcee-4ebf-bc9a-da4041ea7ea5]: Assigning socketPath: /var/folders/28/wk32djq90tl4dwv149fmsg5c0000gn/T/fire_emu_62104.sock {"metadata":{"emulator":{"name":"functions"},"message":"[worker-~diagnostic~-4d6519a1-bcee-4ebf-bc9a-da4041ea7ea5]: Assigning socketPath: /var/folders/28/wk32djq90tl4dwv149fmsg5c0000gn/T/fire_emu_62104.sock"}}
[debug] [2021-05-26T00:50:24.364Z] [worker-~diagnostic~-4d6519a1-bcee-4ebf-bc9a-da4041ea7ea5]: BUSY {"metadata":{"emulator":{"name":"functions"},"message":"[worker-~diagnostic~-4d6519a1-bcee-4ebf-bc9a-da4041ea7ea5]: BUSY"}}
[debug] [2021-05-26T00:50:24.496Z] [runtime-status] [62104] Functions runtime initialized. {"cwd":"/Users/anatulea/Desktop/React Native/MealsToGo/functions","node_version":"14.15.5"} {"metadata":{"emulator":{"name":"functions"},"message":"[runtime-status] [62104] Functions runtime initialized. {\"cwd\":\"/Users/anatulea/Desktop/React Native/MealsToGo/functions\",\"node_version\":\"14.15.5\"}"}}
[debug] [2021-05-26T00:50:24.497Z] [runtime-status] [62104] Disabled runtime features: undefined {"metadata":{"emulator":{"name":"functions"},"message":"[runtime-status] [62104] Disabled runtime features: undefined"}}
[debug] [2021-05-26T00:50:24.499Z] [runtime-status] [62104] Resolved module firebase-admin {"declared":true,"installed":true,"version":"9.8.0","resolution":"/Users/anatulea/Desktop/React Native/MealsToGo/functions/node_modules/firebase-admin/lib/index.js"} {"metadata":{"emulator":{"name":"functions"},"message":"[runtime-status] [62104] Resolved module firebase-admin {\"declared\":true,\"installed\":true,\"version\":\"9.8.0\",\"resolution\":\"/Users/anatulea/Desktop/React Native/MealsToGo/functions/node_modules/firebase-admin/lib/index.js\"}"}}
[debug] [2021-05-26T00:50:24.500Z] [runtime-status] [62104] Resolved module firebase-functions {"declared":true,"installed":true,"version":"3.14.1","resolution":"/Users/anatulea/Desktop/React Native/MealsToGo/functions/node_modules/firebase-functions/lib/index.js"} {"metadata":{"emulator":{"name":"functions"},"message":"[runtime-status] [62104] Resolved module firebase-functions {\"declared\":true,\"installed\":true,\"version\":\"3.14.1\",\"resolution\":\"/Users/anatulea/Desktop/React Native/MealsToGo/functions/node_modules/firebase-functions/lib/index.js\"}"}}
[debug] [2021-05-26T00:50:24.502Z] [runtime-status] [62104] Resolved module firebase-functions {"declared":true,"installed":true,"version":"3.14.1","resolution":"/Users/anatulea/Desktop/React Native/MealsToGo/functions/node_modules/firebase-functions/lib/index.js"} {"metadata":{"emulator":{"name":"functions"},"message":"[runtime-status] [62104] Resolved module firebase-functions {\"declared\":true,\"installed\":true,\"version\":\"3.14.1\",\"resolution\":\"/Users/anatulea/Desktop/React Native/MealsToGo/functions/node_modules/firebase-functions/lib/index.js\"}"}}
[debug] [2021-05-26T00:50:24.503Z] [runtime-status] [62104] Outgoing network have been stubbed. [{"name":"http","status":"mocked"},{"name":"http","status":"mocked"},{"name":"https","status":"mocked"},{"name":"https","status":"mocked"},{"name":"net","status":"mocked"}] {"metadata":{"emulator":{"name":"functions"},"message":"[runtime-status] [62104] Outgoing network have been stubbed. [{\"name\":\"http\",\"status\":\"mocked\"},{\"name\":\"http\",\"status\":\"mocked\"},{\"name\":\"https\",\"status\":\"mocked\"},{\"name\":\"https\",\"status\":\"mocked\"},{\"name\":\"net\",\"status\":\"mocked\"}]"}}
[debug] [2021-05-26T00:50:24.504Z] [runtime-status] [62104] Resolved module firebase-functions {"declared":true,"installed":true,"version":"3.14.1","resolution":"/Users/anatulea/Desktop/React Native/MealsToGo/functions/node_modules/firebase-functions/lib/index.js"} {"metadata":{"emulator":{"name":"functions"},"message":"[runtime-status] [62104] Resolved module firebase-functions {\"declared\":true,\"installed\":true,\"version\":\"3.14.1\",\"resolution\":\"/Users/anatulea/Desktop/React Native/MealsToGo/functions/node_modules/firebase-functions/lib/index.js\"}"}}
[debug] [2021-05-26T00:50:24.537Z] [runtime-status] [62104] Checked functions.config() {"config":{}} {"metadata":{"emulator":{"name":"functions"},"message":"[runtime-status] [62104] Checked functions.config() {\"config\":{}}"}}
[debug] [2021-05-26T00:50:24.538Z] [runtime-status] [62104] firebase-functions has been stubbed. {"functionsResolution":{"declared":true,"installed":true,"version":"3.14.1","resolution":"/Users/anatulea/Desktop/React Native/MealsToGo/functions/node_modules/firebase-functions/lib/index.js"}} {"metadata":{"emulator":{"name":"functions"},"message":"[runtime-status] [62104] firebase-functions has been stubbed. {\"functionsResolution\":{\"declared\":true,\"installed\":true,\"version\":\"3.14.1\",\"resolution\":\"/Users/anatulea/Desktop/React Native/MealsToGo/functions/node_modules/firebase-functions/lib/index.js\"}}"}}
[debug] [2021-05-26T00:50:24.538Z] [runtime-status] [62104] Resolved module firebase-functions {"declared":true,"installed":true,"version":"3.14.1","resolution":"/Users/anatulea/Desktop/React Native/MealsToGo/functions/node_modules/firebase-functions/lib/index.js"} {"metadata":{"emulator":{"name":"functions"},"message":"[runtime-status] [62104] Resolved module firebase-functions {\"declared\":true,\"installed\":true,\"version\":\"3.14.1\",\"resolution\":\"/Users/anatulea/Desktop/React Native/MealsToGo/functions/node_modules/firebase-functions/lib/index.js\"}"}}
[debug] [2021-05-26T00:50:24.539Z] [runtime-status] [62104] Resolved module firebase-admin {"declared":true,"installed":true,"version":"9.8.0","resolution":"/Users/anatulea/Desktop/React Native/MealsToGo/functions/node_modules/firebase-admin/lib/index.js"} {"metadata":{"emulator":{"name":"functions"},"message":"[runtime-status] [62104] Resolved module firebase-admin {\"declared\":true,\"installed\":true,\"version\":\"9.8.0\",\"resolution\":\"/Users/anatulea/Desktop/React Native/MealsToGo/functions/node_modules/firebase-admin/lib/index.js\"}"}}
[debug] [2021-05-26T00:50:24.539Z] [runtime-status] [62104] Resolved module firebase-functions {"declared":true,"installed":true,"version":"3.14.1","resolution":"/Users/anatulea/Desktop/React Native/MealsToGo/functions/node_modules/firebase-functions/lib/index.js"} {"metadata":{"emulator":{"name":"functions"},"message":"[runtime-status] [62104] Resolved module firebase-functions {\"declared\":true,\"installed\":true,\"version\":\"3.14.1\",\"resolution\":\"/Users/anatulea/Desktop/React Native/MealsToGo/functions/node_modules/firebase-functions/lib/index.js\"}"}}
[debug] [2021-05-26T00:50:24.539Z] [runtime-status] [62104] firebase-admin has been stubbed. {"adminResolution":{"declared":true,"installed":true,"version":"9.8.0","resolution":"/Users/anatulea/Desktop/React Native/MealsToGo/functions/node_modules/firebase-admin/lib/index.js"}} {"metadata":{"emulator":{"name":"functions"},"message":"[runtime-status] [62104] firebase-admin has been stubbed. {\"adminResolution\":{\"declared\":true,\"installed\":true,\"version\":\"9.8.0\",\"resolution\":\"/Users/anatulea/Desktop/React Native/MealsToGo/functions/node_modules/firebase-admin/lib/index.js\"}}"}}
[info] ✔  functions[geocode]: http function initialized (http://localhost:5001/mealstogo-22cfe/us-central1/geocode). {"metadata":{"emulator":{"name":"functions"},"message":"\u001b[1mhttp\u001b[22m function initialized (http://localhost:5001/mealstogo-22cfe/us-central1/geocode)."}}
[info] ✔  functions[placesNearby]: http function initialized (http://localhost:5001/mealstogo-22cfe/us-central1/placesNearby). {"metadata":{"emulator":{"name":"functions"},"message":"\u001b[1mhttp\u001b[22m function initialized (http://localhost:5001/mealstogo-22cfe/us-central1/placesNearby)."}}
[info] 
┌─────────────────────────────────────────────────────────────┐
│ ✔  All emulators ready! It is now safe to connect your app. │
│ i  View Emulator UI at http://localhost:4002                │
└─────────────────────────────────────────────────────────────┘

┌───────────┬────────────────┬─────────────────────────────────┐
│ Emulator  │ Host:Port      │ View in Emulator UI             │
├───────────┼────────────────┼─────────────────────────────────┤
│ Functions │ localhost:5001 │ http://localhost:4002/functions │
└───────────┴────────────────┴─────────────────────────────────┘
  Emulator Hub running at localhost:4400
  Other reserved ports: 4500

Issues? Report them at https://github.com/firebase/firebase-tools/issues and attach the *-debug.log files.
 
[debug] [2021-05-26T00:50:24.549Z] [worker-~diagnostic~-4d6519a1-bcee-4ebf-bc9a-da4041ea7ea5]: IDLE {"metadata":{"emulator":{"name":"functions"},"message":"[worker-~diagnostic~-4d6519a1-bcee-4ebf-bc9a-da4041ea7ea5]: IDLE"}}
[debug] [2021-05-26T00:50:51.577Z] [work-queue] {"queueLength":1,"workRunningCount":0}
[debug] [2021-05-26T00:50:51.577Z] [work-queue] {"queueLength":0,"workRunningCount":1}
[debug] [2021-05-26T00:50:51.577Z] Accepted request GET /mealstogo-22cfe/us-central1/geocode?city=chicago --> geocode
[debug] [2021-05-26T00:50:51.583Z] [worker-pool] addWorker(geocode) {"metadata":{"emulator":{"name":"functions"},"message":"[worker-pool] addWorker(geocode)"}}
[debug] [2021-05-26T00:50:51.584Z] [worker-pool] Adding worker with key geocode, total=1 {"metadata":{"emulator":{"name":"functions"},"message":"[worker-pool] Adding worker with key geocode, total=1"}}
[debug] [2021-05-26T00:50:51.584Z] [worker-pool] submitWork(triggerId=geocode) {"metadata":{"emulator":{"name":"functions"},"message":"[worker-pool] submitWork(triggerId=geocode)"}}
[debug] [2021-05-26T00:50:51.584Z] [worker-geocode-99c6268a-2fb7-4c25-ba28-fb32f3bd9120]: Assigning socketPath: /var/folders/28/wk32djq90tl4dwv149fmsg5c0000gn/T/fire_emu_62113.sock {"metadata":{"emulator":{"name":"functions"},"message":"[worker-geocode-99c6268a-2fb7-4c25-ba28-fb32f3bd9120]: Assigning socketPath: /var/folders/28/wk32djq90tl4dwv149fmsg5c0000gn/T/fire_emu_62113.sock"}}
[debug] [2021-05-26T00:50:51.584Z] [worker-geocode-99c6268a-2fb7-4c25-ba28-fb32f3bd9120]: BUSY {"metadata":{"emulator":{"name":"functions"},"message":"[worker-geocode-99c6268a-2fb7-4c25-ba28-fb32f3bd9120]: BUSY"}}
[debug] [2021-05-26T00:50:51.724Z] [runtime-status] [62113] Functions runtime initialized. {"cwd":"/Users/anatulea/Desktop/React Native/MealsToGo/functions","node_version":"14.15.5"} {"metadata":{"emulator":{"name":"functions"},"function":{"name":"geocode"},"message":"[runtime-status] [62113] Functions runtime initialized. {\"cwd\":\"/Users/anatulea/Desktop/React Native/MealsToGo/functions\",\"node_version\":\"14.15.5\"}"}}
[debug] [2021-05-26T00:50:51.725Z] [runtime-status] [62113] Disabled runtime features: undefined {"metadata":{"emulator":{"name":"functions"},"function":{"name":"geocode"},"message":"[runtime-status] [62113] Disabled runtime features: undefined"}}
[debug] [2021-05-26T00:50:51.727Z] [runtime-status] [62113] Resolved module firebase-admin {"declared":true,"installed":true,"version":"9.8.0","resolution":"/Users/anatulea/Desktop/React Native/MealsToGo/functions/node_modules/firebase-admin/lib/index.js"} {"metadata":{"emulator":{"name":"functions"},"function":{"name":"geocode"},"message":"[runtime-status] [62113] Resolved module firebase-admin {\"declared\":true,\"installed\":true,\"version\":\"9.8.0\",\"resolution\":\"/Users/anatulea/Desktop/React Native/MealsToGo/functions/node_modules/firebase-admin/lib/index.js\"}"}}
[debug] [2021-05-26T00:50:51.728Z] [runtime-status] [62113] Resolved module firebase-functions {"declared":true,"installed":true,"version":"3.14.1","resolution":"/Users/anatulea/Desktop/React Native/MealsToGo/functions/node_modules/firebase-functions/lib/index.js"} {"metadata":{"emulator":{"name":"functions"},"function":{"name":"geocode"},"message":"[runtime-status] [62113] Resolved module firebase-functions {\"declared\":true,\"installed\":true,\"version\":\"3.14.1\",\"resolution\":\"/Users/anatulea/Desktop/React Native/MealsToGo/functions/node_modules/firebase-functions/lib/index.js\"}"}}
[debug] [2021-05-26T00:50:51.730Z] [runtime-status] [62113] Resolved module firebase-functions {"declared":true,"installed":true,"version":"3.14.1","resolution":"/Users/anatulea/Desktop/React Native/MealsToGo/functions/node_modules/firebase-functions/lib/index.js"} {"metadata":{"emulator":{"name":"functions"},"function":{"name":"geocode"},"message":"[runtime-status] [62113] Resolved module firebase-functions {\"declared\":true,\"installed\":true,\"version\":\"3.14.1\",\"resolution\":\"/Users/anatulea/Desktop/React Native/MealsToGo/functions/node_modules/firebase-functions/lib/index.js\"}"}}
[debug] [2021-05-26T00:50:51.732Z] [runtime-status] [62113] Outgoing network have been stubbed. [{"name":"http","status":"mocked"},{"name":"http","status":"mocked"},{"name":"https","status":"mocked"},{"name":"https","status":"mocked"},{"name":"net","status":"mocked"}] {"metadata":{"emulator":{"name":"functions"},"function":{"name":"geocode"},"message":"[runtime-status] [62113] Outgoing network have been stubbed. [{\"name\":\"http\",\"status\":\"mocked\"},{\"name\":\"http\",\"status\":\"mocked\"},{\"name\":\"https\",\"status\":\"mocked\"},{\"name\":\"https\",\"status\":\"mocked\"},{\"name\":\"net\",\"status\":\"mocked\"}]"}}
[debug] [2021-05-26T00:50:51.732Z] [runtime-status] [62113] Resolved module firebase-functions {"declared":true,"installed":true,"version":"3.14.1","resolution":"/Users/anatulea/Desktop/React Native/MealsToGo/functions/node_modules/firebase-functions/lib/index.js"} {"metadata":{"emulator":{"name":"functions"},"function":{"name":"geocode"},"message":"[runtime-status] [62113] Resolved module firebase-functions {\"declared\":true,\"installed\":true,\"version\":\"3.14.1\",\"resolution\":\"/Users/anatulea/Desktop/React Native/MealsToGo/functions/node_modules/firebase-functions/lib/index.js\"}"}}
[debug] [2021-05-26T00:50:51.766Z] [runtime-status] [62113] Checked functions.config() {"config":{}} {"metadata":{"emulator":{"name":"functions"},"function":{"name":"geocode"},"message":"[runtime-status] [62113] Checked functions.config() {\"config\":{}}"}}
[debug] [2021-05-26T00:50:51.766Z] [runtime-status] [62113] firebase-functions has been stubbed. {"functionsResolution":{"declared":true,"installed":true,"version":"3.14.1","resolution":"/Users/anatulea/Desktop/React Native/MealsToGo/functions/node_modules/firebase-functions/lib/index.js"}} {"metadata":{"emulator":{"name":"functions"},"function":{"name":"geocode"},"message":"[runtime-status] [62113] firebase-functions has been stubbed. {\"functionsResolution\":{\"declared\":true,\"installed\":true,\"version\":\"3.14.1\",\"resolution\":\"/Users/anatulea/Desktop/React Native/MealsToGo/functions/node_modules/firebase-functions/lib/index.js\"}}"}}
[debug] [2021-05-26T00:50:51.766Z] [runtime-status] [62113] Resolved module firebase-functions {"declared":true,"installed":true,"version":"3.14.1","resolution":"/Users/anatulea/Desktop/React Native/MealsToGo/functions/node_modules/firebase-functions/lib/index.js"} {"metadata":{"emulator":{"name":"functions"},"function":{"name":"geocode"},"message":"[runtime-status] [62113] Resolved module firebase-functions {\"declared\":true,\"installed\":true,\"version\":\"3.14.1\",\"resolution\":\"/Users/anatulea/Desktop/React Native/MealsToGo/functions/node_modules/firebase-functions/lib/index.js\"}"}}
[debug] [2021-05-26T00:50:51.767Z] [runtime-status] [62113] Resolved module firebase-admin {"declared":true,"installed":true,"version":"9.8.0","resolution":"/Users/anatulea/Desktop/React Native/MealsToGo/functions/node_modules/firebase-admin/lib/index.js"} {"metadata":{"emulator":{"name":"functions"},"function":{"name":"geocode"},"message":"[runtime-status] [62113] Resolved module firebase-admin {\"declared\":true,\"installed\":true,\"version\":\"9.8.0\",\"resolution\":\"/Users/anatulea/Desktop/React Native/MealsToGo/functions/node_modules/firebase-admin/lib/index.js\"}"}}
[debug] [2021-05-26T00:50:51.767Z] [runtime-status] [62113] Resolved module firebase-functions {"declared":true,"installed":true,"version":"3.14.1","resolution":"/Users/anatulea/Desktop/React Native/MealsToGo/functions/node_modules/firebase-functions/lib/index.js"} {"metadata":{"emulator":{"name":"functions"},"function":{"name":"geocode"},"message":"[runtime-status] [62113] Resolved module firebase-functions {\"declared\":true,\"installed\":true,\"version\":\"3.14.1\",\"resolution\":\"/Users/anatulea/Desktop/React Native/MealsToGo/functions/node_modules/firebase-functions/lib/index.js\"}"}}
[debug] [2021-05-26T00:50:51.768Z] [runtime-status] [62113] firebase-admin has been stubbed. {"adminResolution":{"declared":true,"installed":true,"version":"9.8.0","resolution":"/Users/anatulea/Desktop/React Native/MealsToGo/functions/node_modules/firebase-admin/lib/index.js"}} {"metadata":{"emulator":{"name":"functions"},"function":{"name":"geocode"},"message":"[runtime-status] [62113] firebase-admin has been stubbed. {\"adminResolution\":{\"declared\":true,\"installed\":true,\"version\":\"9.8.0\",\"resolution\":\"/Users/anatulea/Desktop/React Native/MealsToGo/functions/node_modules/firebase-admin/lib/index.js\"}}"}}
[debug] [2021-05-26T00:50:51.774Z] [runtime-status] [62113] Trigger "geocode" has been found, beginning invocation! {"metadata":{"emulator":{"name":"functions"},"function":{"name":"geocode"},"message":"[runtime-status] [62113] Trigger \"geocode\" has been found, beginning invocation!"}}
[info] i  functions: Beginning execution of "geocode" {"metadata":{"emulator":{"name":"functions"},"function":{"name":"geocode"},"message":"Beginning execution of \"geocode\""}}
[debug] [2021-05-26T00:50:51.775Z] [runtime-status] [62113] triggerDefinition {"httpsTrigger":{},"name":"geocode","entryPoint":"geocode"} {"metadata":{"emulator":{"name":"functions"},"function":{"name":"geocode"},"message":"[runtime-status] [62113] triggerDefinition {\"httpsTrigger\":{},\"name\":\"geocode\",\"entryPoint\":\"geocode\"}"}}
[debug] [2021-05-26T00:50:51.776Z] [runtime-status] [62113] Running geocode in mode HTTPS {"metadata":{"emulator":{"name":"functions"},"function":{"name":"geocode"},"message":"[runtime-status] [62113] Running geocode in mode HTTPS"}}
[debug] [2021-05-26T00:50:51.778Z] [runtime-status] [62113] Attempting to listen to socketPath: /var/folders/28/wk32djq90tl4dwv149fmsg5c0000gn/T/fire_emu_62113.sock {"metadata":{"emulator":{"name":"functions"},"function":{"name":"geocode"},"message":"[runtime-status] [62113] Attempting to listen to socketPath: /var/folders/28/wk32djq90tl4dwv149fmsg5c0000gn/T/fire_emu_62113.sock"}}
[debug] [2021-05-26T00:50:51.781Z] [functions] Runtime ready! Sending request! {"metadata":{"emulator":{"name":"functions"},"message":"[functions] Runtime ready! Sending request!"}}
[debug] [2021-05-26T00:50:51.782Z] [functions] Got req.url=/mealstogo-22cfe/us-central1/geocode?city=chicago, mapping to path=/?city=chicago {"metadata":{"emulator":{"name":"functions"},"message":"[functions] Got req.url=/mealstogo-22cfe/us-central1/geocode?city=chicago, mapping to path=/?city=chicago"}}
[debug] [2021-05-26T00:50:51.790Z] [runtime-status] [62113] Ephemeral server handling GET request {"metadata":{"emulator":{"name":"functions"},"function":{"name":"geocode"},"message":"[runtime-status] [62113] Ephemeral server handling GET request"}}
[debug] [2021-05-26T00:50:51.796Z] [runtime-status] [62113] Ephemeral server survived. {"metadata":{"emulator":{"name":"functions"},"function":{"name":"geocode"},"message":"[runtime-status] [62113] Ephemeral server survived."}}
[info] i  functions: Finished "geocode" in ~1s {"metadata":{"emulator":{"name":"functions"},"function":{"name":"geocode"},"message":"Finished \"geocode\" in ~1s"}}
[debug] [2021-05-26T00:50:51.799Z] [worker-geocode-99c6268a-2fb7-4c25-ba28-fb32f3bd9120]: IDLE {"metadata":{"emulator":{"name":"functions"},"message":"[worker-geocode-99c6268a-2fb7-4c25-ba28-fb32f3bd9120]: IDLE"}}
[debug] [2021-05-26T00:50:51.800Z] [work-queue] {"queueLength":0,"workRunningCount":0}
[debug] [2021-05-26T00:51:25.175Z] [work-queue] {"queueLength":1,"workRunningCount":0}
[debug] [2021-05-26T00:51:25.175Z] [work-queue] {"queueLength":0,"workRunningCount":1}
[debug] [2021-05-26T00:51:25.175Z] Accepted request GET /mealstogo-22cfe/us-central1/placesNearby?location=43.653225,-79.383186 --> placesNearby
[debug] [2021-05-26T00:51:25.180Z] [worker-pool] addWorker(placesNearby) {"metadata":{"emulator":{"name":"functions"},"message":"[worker-pool] addWorker(placesNearby)"}}
[debug] [2021-05-26T00:51:25.181Z] [worker-pool] Adding worker with key placesNearby, total=1 {"metadata":{"emulator":{"name":"functions"},"message":"[worker-pool] Adding worker with key placesNearby, total=1"}}
[debug] [2021-05-26T00:51:25.181Z] [worker-pool] submitWork(triggerId=placesNearby) {"metadata":{"emulator":{"name":"functions"},"message":"[worker-pool] submitWork(triggerId=placesNearby)"}}
[debug] [2021-05-26T00:51:25.181Z] [worker-placesNearby-ebc185f5-80bc-4aa3-8715-a1abe5fb59b2]: Assigning socketPath: /var/folders/28/wk32djq90tl4dwv149fmsg5c0000gn/T/fire_emu_62123.sock {"metadata":{"emulator":{"name":"functions"},"message":"[worker-placesNearby-ebc185f5-80bc-4aa3-8715-a1abe5fb59b2]: Assigning socketPath: /var/folders/28/wk32djq90tl4dwv149fmsg5c0000gn/T/fire_emu_62123.sock"}}
[debug] [2021-05-26T00:51:25.181Z] [worker-placesNearby-ebc185f5-80bc-4aa3-8715-a1abe5fb59b2]: BUSY {"metadata":{"emulator":{"name":"functions"},"message":"[worker-placesNearby-ebc185f5-80bc-4aa3-8715-a1abe5fb59b2]: BUSY"}}
[debug] [2021-05-26T00:51:25.321Z] [runtime-status] [62123] Functions runtime initialized. {"cwd":"/Users/anatulea/Desktop/React Native/MealsToGo/functions","node_version":"14.15.5"} {"metadata":{"emulator":{"name":"functions"},"function":{"name":"placesNearby"},"message":"[runtime-status] [62123] Functions runtime initialized. {\"cwd\":\"/Users/anatulea/Desktop/React Native/MealsToGo/functions\",\"node_version\":\"14.15.5\"}"}}
[debug] [2021-05-26T00:51:25.322Z] [runtime-status] [62123] Disabled runtime features: undefined {"metadata":{"emulator":{"name":"functions"},"function":{"name":"placesNearby"},"message":"[runtime-status] [62123] Disabled runtime features: undefined"}}
[debug] [2021-05-26T00:51:25.324Z] [runtime-status] [62123] Resolved module firebase-admin {"declared":true,"installed":true,"version":"9.8.0","resolution":"/Users/anatulea/Desktop/React Native/MealsToGo/functions/node_modules/firebase-admin/lib/index.js"} {"metadata":{"emulator":{"name":"functions"},"function":{"name":"placesNearby"},"message":"[runtime-status] [62123] Resolved module firebase-admin {\"declared\":true,\"installed\":true,\"version\":\"9.8.0\",\"resolution\":\"/Users/anatulea/Desktop/React Native/MealsToGo/functions/node_modules/firebase-admin/lib/index.js\"}"}}
[debug] [2021-05-26T00:51:25.325Z] [runtime-status] [62123] Resolved module firebase-functions {"declared":true,"installed":true,"version":"3.14.1","resolution":"/Users/anatulea/Desktop/React Native/MealsToGo/functions/node_modules/firebase-functions/lib/index.js"} {"metadata":{"emulator":{"name":"functions"},"function":{"name":"placesNearby"},"message":"[runtime-status] [62123] Resolved module firebase-functions {\"declared\":true,\"installed\":true,\"version\":\"3.14.1\",\"resolution\":\"/Users/anatulea/Desktop/React Native/MealsToGo/functions/node_modules/firebase-functions/lib/index.js\"}"}}
[debug] [2021-05-26T00:51:25.328Z] [runtime-status] [62123] Resolved module firebase-functions {"declared":true,"installed":true,"version":"3.14.1","resolution":"/Users/anatulea/Desktop/React Native/MealsToGo/functions/node_modules/firebase-functions/lib/index.js"} {"metadata":{"emulator":{"name":"functions"},"function":{"name":"placesNearby"},"message":"[runtime-status] [62123] Resolved module firebase-functions {\"declared\":true,\"installed\":true,\"version\":\"3.14.1\",\"resolution\":\"/Users/anatulea/Desktop/React Native/MealsToGo/functions/node_modules/firebase-functions/lib/index.js\"}"}}
[debug] [2021-05-26T00:51:25.330Z] [runtime-status] [62123] Outgoing network have been stubbed. [{"name":"http","status":"mocked"},{"name":"http","status":"mocked"},{"name":"https","status":"mocked"},{"name":"https","status":"mocked"},{"name":"net","status":"mocked"}] {"metadata":{"emulator":{"name":"functions"},"function":{"name":"placesNearby"},"message":"[runtime-status] [62123] Outgoing network have been stubbed. [{\"name\":\"http\",\"status\":\"mocked\"},{\"name\":\"http\",\"status\":\"mocked\"},{\"name\":\"https\",\"status\":\"mocked\"},{\"name\":\"https\",\"status\":\"mocked\"},{\"name\":\"net\",\"status\":\"mocked\"}]"}}
[debug] [2021-05-26T00:51:25.330Z] [runtime-status] [62123] Resolved module firebase-functions {"declared":true,"installed":true,"version":"3.14.1","resolution":"/Users/anatulea/Desktop/React Native/MealsToGo/functions/node_modules/firebase-functions/lib/index.js"} {"metadata":{"emulator":{"name":"functions"},"function":{"name":"placesNearby"},"message":"[runtime-status] [62123] Resolved module firebase-functions {\"declared\":true,\"installed\":true,\"version\":\"3.14.1\",\"resolution\":\"/Users/anatulea/Desktop/React Native/MealsToGo/functions/node_modules/firebase-functions/lib/index.js\"}"}}
[debug] [2021-05-26T00:51:25.364Z] [runtime-status] [62123] Checked functions.config() {"config":{}} {"metadata":{"emulator":{"name":"functions"},"function":{"name":"placesNearby"},"message":"[runtime-status] [62123] Checked functions.config() {\"config\":{}}"}}
[debug] [2021-05-26T00:51:25.364Z] [runtime-status] [62123] firebase-functions has been stubbed. {"functionsResolution":{"declared":true,"installed":true,"version":"3.14.1","resolution":"/Users/anatulea/Desktop/React Native/MealsToGo/functions/node_modules/firebase-functions/lib/index.js"}} {"metadata":{"emulator":{"name":"functions"},"function":{"name":"placesNearby"},"message":"[runtime-status] [62123] firebase-functions has been stubbed. {\"functionsResolution\":{\"declared\":true,\"installed\":true,\"version\":\"3.14.1\",\"resolution\":\"/Users/anatulea/Desktop/React Native/MealsToGo/functions/node_modules/firebase-functions/lib/index.js\"}}"}}
[debug] [2021-05-26T00:51:25.364Z] [runtime-status] [62123] Resolved module firebase-functions {"declared":true,"installed":true,"version":"3.14.1","resolution":"/Users/anatulea/Desktop/React Native/MealsToGo/functions/node_modules/firebase-functions/lib/index.js"} {"metadata":{"emulator":{"name":"functions"},"function":{"name":"placesNearby"},"message":"[runtime-status] [62123] Resolved module firebase-functions {\"declared\":true,\"installed\":true,\"version\":\"3.14.1\",\"resolution\":\"/Users/anatulea/Desktop/React Native/MealsToGo/functions/node_modules/firebase-functions/lib/index.js\"}"}}
[debug] [2021-05-26T00:51:25.365Z] [runtime-status] [62123] Resolved module firebase-admin {"declared":true,"installed":true,"version":"9.8.0","resolution":"/Users/anatulea/Desktop/React Native/MealsToGo/functions/node_modules/firebase-admin/lib/index.js"} {"metadata":{"emulator":{"name":"functions"},"function":{"name":"placesNearby"},"message":"[runtime-status] [62123] Resolved module firebase-admin {\"declared\":true,\"installed\":true,\"version\":\"9.8.0\",\"resolution\":\"/Users/anatulea/Desktop/React Native/MealsToGo/functions/node_modules/firebase-admin/lib/index.js\"}"}}
[debug] [2021-05-26T00:51:25.365Z] [runtime-status] [62123] Resolved module firebase-functions {"declared":true,"installed":true,"version":"3.14.1","resolution":"/Users/anatulea/Desktop/React Native/MealsToGo/functions/node_modules/firebase-functions/lib/index.js"} {"metadata":{"emulator":{"name":"functions"},"function":{"name":"placesNearby"},"message":"[runtime-status] [62123] Resolved module firebase-functions {\"declared\":true,\"installed\":true,\"version\":\"3.14.1\",\"resolution\":\"/Users/anatulea/Desktop/React Native/MealsToGo/functions/node_modules/firebase-functions/lib/index.js\"}"}}
[debug] [2021-05-26T00:51:25.366Z] [runtime-status] [62123] firebase-admin has been stubbed. {"adminResolution":{"declared":true,"installed":true,"version":"9.8.0","resolution":"/Users/anatulea/Desktop/React Native/MealsToGo/functions/node_modules/firebase-admin/lib/index.js"}} {"metadata":{"emulator":{"name":"functions"},"function":{"name":"placesNearby"},"message":"[runtime-status] [62123] firebase-admin has been stubbed. {\"adminResolution\":{\"declared\":true,\"installed\":true,\"version\":\"9.8.0\",\"resolution\":\"/Users/anatulea/Desktop/React Native/MealsToGo/functions/node_modules/firebase-admin/lib/index.js\"}}"}}
[debug] [2021-05-26T00:51:25.372Z] [runtime-status] [62123] Trigger "placesNearby" has been found, beginning invocation! {"metadata":{"emulator":{"name":"functions"},"function":{"name":"placesNearby"},"message":"[runtime-status] [62123] Trigger \"placesNearby\" has been found, beginning invocation!"}}
[info] i  functions: Beginning execution of "placesNearby" {"metadata":{"emulator":{"name":"functions"},"function":{"name":"placesNearby"},"message":"Beginning execution of \"placesNearby\""}}
[debug] [2021-05-26T00:51:25.373Z] [runtime-status] [62123] triggerDefinition {"httpsTrigger":{},"name":"placesNearby","entryPoint":"placesNearby"} {"metadata":{"emulator":{"name":"functions"},"function":{"name":"placesNearby"},"message":"[runtime-status] [62123] triggerDefinition {\"httpsTrigger\":{},\"name\":\"placesNearby\",\"entryPoint\":\"placesNearby\"}"}}
[debug] [2021-05-26T00:51:25.373Z] [runtime-status] [62123] Running placesNearby in mode HTTPS {"metadata":{"emulator":{"name":"functions"},"function":{"name":"placesNearby"},"message":"[runtime-status] [62123] Running placesNearby in mode HTTPS"}}
[debug] [2021-05-26T00:51:25.377Z] [runtime-status] [62123] Attempting to listen to socketPath: /var/folders/28/wk32djq90tl4dwv149fmsg5c0000gn/T/fire_emu_62123.sock {"metadata":{"emulator":{"name":"functions"},"function":{"name":"placesNearby"},"message":"[runtime-status] [62123] Attempting to listen to socketPath: /var/folders/28/wk32djq90tl4dwv149fmsg5c0000gn/T/fire_emu_62123.sock"}}
[debug] [2021-05-26T00:51:25.379Z] [functions] Runtime ready! Sending request! {"metadata":{"emulator":{"name":"functions"},"message":"[functions] Runtime ready! Sending request!"}}
[debug] [2021-05-26T00:51:25.380Z] [functions] Got req.url=/mealstogo-22cfe/us-central1/placesNearby?location=43.653225,-79.383186, mapping to path=/?location=43.653225,-79.383186 {"metadata":{"emulator":{"name":"functions"},"message":"[functions] Got req.url=/mealstogo-22cfe/us-central1/placesNearby?location=43.653225,-79.383186, mapping to path=/?location=43.653225,-79.383186"}}
[debug] [2021-05-26T00:51:25.388Z] [runtime-status] [62123] Ephemeral server handling GET request {"metadata":{"emulator":{"name":"functions"},"function":{"name":"placesNearby"},"message":"[runtime-status] [62123] Ephemeral server handling GET request"}}
[debug] [2021-05-26T00:51:25.393Z] [runtime-status] [62123] Ephemeral server survived. {"metadata":{"emulator":{"name":"functions"},"function":{"name":"placesNearby"},"message":"[runtime-status] [62123] Ephemeral server survived."}}
[info] i  functions: Finished "placesNearby" in ~1s {"metadata":{"emulator":{"name":"functions"},"function":{"name":"placesNearby"},"message":"Finished \"placesNearby\" in ~1s"}}
[debug] [2021-05-26T00:51:25.398Z] [worker-placesNearby-ebc185f5-80bc-4aa3-8715-a1abe5fb59b2]: IDLE {"metadata":{"emulator":{"name":"functions"},"message":"[worker-placesNearby-ebc185f5-80bc-4aa3-8715-a1abe5fb59b2]: IDLE"}}
[debug] [2021-05-26T00:51:25.398Z] [work-queue] {"queueLength":0,"workRunningCount":0}
[debug] [2021-05-26T00:51:47.196Z] [work-queue] {"queueLength":1,"workRunningCount":0}
[debug] [2021-05-26T00:51:47.196Z] [work-queue] {"queueLength":0,"workRunningCount":1}
[debug] [2021-05-26T00:51:47.196Z] Accepted request GET /mealstogo-22cfe/us-central1/placesNearby?location=43.653225,-79.383186 --> placesNearby
[debug] [2021-05-26T00:51:47.196Z] [worker-pool] submitWork(triggerId=placesNearby) {"metadata":{"emulator":{"name":"functions"},"message":"[worker-pool] submitWork(triggerId=placesNearby)"}}
[debug] [2021-05-26T00:51:47.198Z] [worker-placesNearby-ebc185f5-80bc-4aa3-8715-a1abe5fb59b2]: Assigning socketPath: /var/folders/28/wk32djq90tl4dwv149fmsg5c0000gn/T/fire_emu_62123.sock {"metadata":{"emulator":{"name":"functions"},"message":"[worker-placesNearby-ebc185f5-80bc-4aa3-8715-a1abe5fb59b2]: Assigning socketPath: /var/folders/28/wk32djq90tl4dwv149fmsg5c0000gn/T/fire_emu_62123.sock"}}
[debug] [2021-05-26T00:51:47.198Z] [worker-placesNearby-ebc185f5-80bc-4aa3-8715-a1abe5fb59b2]: BUSY {"metadata":{"emulator":{"name":"functions"},"message":"[worker-placesNearby-ebc185f5-80bc-4aa3-8715-a1abe5fb59b2]: BUSY"}}
[debug] [2021-05-26T00:51:47.199Z] [runtime-status] [62123] Trigger "placesNearby" has been found, beginning invocation! {"metadata":{"emulator":{"name":"functions"},"function":{"name":"placesNearby"},"message":"[runtime-status] [62123] Trigger \"placesNearby\" has been found, beginning invocation!"}}
[info] i  functions: Beginning execution of "placesNearby" {"metadata":{"emulator":{"name":"functions"},"function":{"name":"placesNearby"},"message":"Beginning execution of \"placesNearby\""}}
[debug] [2021-05-26T00:51:47.200Z] [runtime-status] [62123] triggerDefinition {"httpsTrigger":{},"name":"placesNearby","entryPoint":"placesNearby"} {"metadata":{"emulator":{"name":"functions"},"function":{"name":"placesNearby"},"message":"[runtime-status] [62123] triggerDefinition {\"httpsTrigger\":{},\"name\":\"placesNearby\",\"entryPoint\":\"placesNearby\"}"}}
[debug] [2021-05-26T00:51:47.200Z] [runtime-status] [62123] Running placesNearby in mode HTTPS {"metadata":{"emulator":{"name":"functions"},"function":{"name":"placesNearby"},"message":"[runtime-status] [62123] Running placesNearby in mode HTTPS"}}
[debug] [2021-05-26T00:51:47.201Z] [runtime-status] [62123] Attempting to listen to socketPath: /var/folders/28/wk32djq90tl4dwv149fmsg5c0000gn/T/fire_emu_62123.sock {"metadata":{"emulator":{"name":"functions"},"function":{"name":"placesNearby"},"message":"[runtime-status] [62123] Attempting to listen to socketPath: /var/folders/28/wk32djq90tl4dwv149fmsg5c0000gn/T/fire_emu_62123.sock"}}
[debug] [2021-05-26T00:51:47.201Z] [functions] Runtime ready! Sending request! {"metadata":{"emulator":{"name":"functions"},"message":"[functions] Runtime ready! Sending request!"}}
[debug] [2021-05-26T00:51:47.202Z] [functions] Got req.url=/mealstogo-22cfe/us-central1/placesNearby?location=43.653225,-79.383186, mapping to path=/?location=43.653225,-79.383186 {"metadata":{"emulator":{"name":"functions"},"message":"[functions] Got req.url=/mealstogo-22cfe/us-central1/placesNearby?location=43.653225,-79.383186, mapping to path=/?location=43.653225,-79.383186"}}
[debug] [2021-05-26T00:51:47.204Z] [runtime-status] [62123] Ephemeral server handling GET request {"metadata":{"emulator":{"name":"functions"},"function":{"name":"placesNearby"},"message":"[runtime-status] [62123] Ephemeral server handling GET request"}}
[debug] [2021-05-26T00:51:47.205Z] [runtime-status] [62123] Ephemeral server survived. {"metadata":{"emulator":{"name":"functions"},"function":{"name":"placesNearby"},"message":"[runtime-status] [62123] Ephemeral server survived."}}
[info] i  functions: Finished "placesNearby" in ~1s {"metadata":{"emulator":{"name":"functions"},"function":{"name":"placesNearby"},"message":"Finished \"placesNearby\" in ~1s"}}
[debug] [2021-05-26T00:51:47.208Z] [worker-placesNearby-ebc185f5-80bc-4aa3-8715-a1abe5fb59b2]: IDLE {"metadata":{"emulator":{"name":"functions"},"message":"[worker-placesNearby-ebc185f5-80bc-4aa3-8715-a1abe5fb59b2]: IDLE"}}
[debug] [2021-05-26T00:51:47.208Z] [work-queue] {"queueLength":0,"workRunningCount":0}
